src/main.c:165: < 'uci'
src/main.c:82: > 'id name checkmate.exe'
src/main.c:82: > 'id author amel-fou mapatenk mwijnsma'
src/main.c:82: > 'uciok'
src/main.c:165: < 'isready'
src/main.c:82: > 'readyok'
src/main.c:165: < 'ucinewgame'
src/main.c:165: < 'position startpos'
src/main.c:165: < 'position startpos moves d2d4'
src/main.c:165: < 'isready'
src/main.c:82: > 'readyok'
src/main.c:165: < 'go wtime 300000 btime 300000 movestogo 40'
src/main.c:194: state = THINKING_ON_OUR_TIME
src/main.c:599: Search started
src/main.c:82: > 'info depth 2 score cp -74'
src/main.c:82: > 'info depth 3 score cp -81'
src/main.c:615: Thinking for too long, playing
src/main.c:624: Search stopped
src/main.c:82: > 'bestmove b8c6'
src/main.c:82: > 'info string pondering b1c3'
src/main.c:82: > 'info we're dominating the black squares'
src/main.c:198: state = THINKING_ON_THEIR_TIME
src/main.c:599: Search started
src/main.c:82: > 'info depth 2 score cp -52'
src/main.c:82: > 'info depth 3 score cp -72'
src/main.c:82: > 'info depth 4 score cp -66'
src/main.c:165: < 'position startpos moves d2d4 b8c6 g1f3'
src/main.c:165: < 'isready'
src/main.c:82: > 'readyok'
src/main.c:165: < 'go wtime 297460 btime 299981 movestogo 39'
src/main.c:194: state = THINKING_ON_OUR_TIME
src/main.c:624: Search stopped
src/main.c:599: Search started
src/main.c:82: > 'info depth 2 score cp -174'
src/main.c:82: > 'info depth 3 score cp -174'
src/main.c:615: Thinking for too long, playing
src/main.c:624: Search stopped
src/main.c:82: > 'bestmove d7d6'
src/main.c:82: > 'info string pondering d4d5'
src/main.c:82: > 'info we're dominating the black squares'
src/main.c:198: state = THINKING_ON_THEIR_TIME
src/main.c:599: Search started
src/main.c:82: > 'info depth 2 score cp -135'
src/main.c:82: > 'info depth 3 score cp -133'
src/main.c:82: > 'info depth 4 score cp -90'
src/main.c:165: < 'position startpos moves d2d4 b8c6 g1f3 d7d6 e2e3'
src/main.c:165: < 'isready'
src/main.c:82: > 'readyok'
src/main.c:165: < 'go wtime 295604 btime 299926 movestogo 38'
src/main.c:194: state = THINKING_ON_OUR_TIME
src/main.c:624: Search stopped
src/main.c:599: Search started
src/main.c:82: > 'info depth 2 score cp -209'
src/main.c:82: > 'info depth 3 score cp -178'
src/main.c:615: Thinking for too long, playing
src/main.c:624: Search stopped
src/main.c:82: > 'bestmove c8f5'
src/main.c:82: > 'info string pondering b1c3'
src/main.c:82: > 'info we're dominating the black squares'
src/main.c:198: state = THINKING_ON_THEIR_TIME
src/main.c:599: Search started
src/main.c:82: > 'info depth 2 score cp -163'
src/main.c:82: > 'info depth 3 score cp -129'
src/main.c:82: > 'info depth 4 score cp -147'
src/main.c:165: < 'position startpos moves d2d4 b8c6 g1f3 d7d6 e2e3 c8f5 b1c3'
src/main.c:165: < 'isready'
src/main.c:82: > 'readyok'
src/main.c:165: < 'go wtime 293715 btime 299832 movestogo 37'
src/main.c:194: state = THINKING_ON_OUR_TIME
src/main.c:82: > 'info depth 5 score cp -95'
src/main.c:615: Thinking for too long, playing
src/main.c:624: Search stopped
src/main.c:82: > 'bestmove g7g6'
src/main.c:82: > 'info string pondering b2b3'
src/main.c:82: > 'info we're dominating the black squares'
src/main.c:198: state = THINKING_ON_THEIR_TIME
src/main.c:599: Search started
src/main.c:82: > 'info depth 2 score cp -137'
src/main.c:82: > 'info depth 3 score cp -95'
src/main.c:82: > 'info depth 4 score cp -114'
src/main.c:165: < 'position startpos moves d2d4 b8c6 g1f3 d7d6 e2e3 c8f5 b1c3 g7g6 f1d3'
src/main.c:165: < 'isready'
src/main.c:82: > 'readyok'
src/main.c:165: < 'go wtime 290662 btime 286782 movestogo 36'
src/main.c:194: state = THINKING_ON_OUR_TIME
src/main.c:624: Search stopped
src/main.c:599: Search started
src/main.c:82: > 'info depth 2 score cp -156'
src/main.c:82: > 'info depth 3 score cp -132'
src/main.c:615: Thinking for too long, playing
src/main.c:624: Search stopped
src/main.c:82: > 'bestmove f5d3'
src/main.c:82: > 'info string pondering c2d3'
src/main.c:82: > 'info we're dominating the black squares'
src/main.c:198: state = THINKING_ON_THEIR_TIME
src/main.c:599: Search started
src/main.c:82: > 'info depth 2 score cp -85'
src/main.c:82: > 'info depth 3 score cp -56'
src/main.c:82: > 'info depth 4 score cp 146'
src/main.c:165: < 'position startpos moves d2d4 b8c6 g1f3 d7d6 e2e3 c8f5 b1c3 g7g6 f1d3 f5d3 d1d3'
src/main.c:165: < 'isready'
src/main.c:82: > 'readyok'
src/main.c:165: < 'go wtime 289647 btime 286751 movestogo 35'
src/main.c:194: state = THINKING_ON_OUR_TIME
src/main.c:624: Search stopped
src/main.c:599: Search started
src/main.c:82: > 'info depth 2 score cp -130'
src/main.c:82: > 'info depth 3 score cp -96'
src/main.c:615: Thinking for too long, playing
src/main.c:624: Search stopped
src/main.c:82: > 'bestmove e7e5'
src/main.c:82: > 'info string pondering e1g1'
src/main.c:82: > 'info we're dominating the black squares'
src/main.c:198: state = THINKING_ON_THEIR_TIME
src/main.c:599: Search started
src/main.c:82: > 'info depth 2 score cp -38'
src/main.c:82: > 'info depth 3 score cp 98'
src/main.c:82: > 'info depth 4 score cp 227'
src/main.c:165: < 'position startpos moves d2d4 b8c6 g1f3 d7d6 e2e3 c8f5 b1c3 g7g6 f1d3 f5d3 d1d3 e7e5 d4e5'
src/main.c:165: < 'isready'
src/main.c:82: > 'readyok'
src/main.c:165: < 'go wtime 283336 btime 286631 movestogo 34'
src/main.c:194: state = THINKING_ON_OUR_TIME
src/main.c:624: Search stopped
src/main.c:599: Search started
src/main.c:82: > 'info depth 2 score cp -142'
src/main.c:82: > 'info depth 3 score cp -99'
src/main.c:615: Thinking for too long, playing
src/main.c:624: Search stopped
src/main.c:82: > 'bestmove d6e5'
src/main.c:82: > 'info string pondering e1g1'
src/main.c:82: > 'info we're dominating the black squares'
src/main.c:198: state = THINKING_ON_THEIR_TIME
src/main.c:599: Search started
src/main.c:82: > 'info depth 2 score cp -76'
src/main.c:82: > 'info depth 3 score cp -55'
src/main.c:82: > 'info depth 4 score cp 226'
src/main.c:82: > 'info depth 5 score cp -38'
src/main.c:82: > 'info depth 6 score cp -15'
src/main.c:165: < 'position startpos moves d2d4 b8c6 g1f3 d7d6 e2e3 c8f5 b1c3 g7g6 f1d3 f5d3 d1d3 e7e5 d4e5 d6e5 d3b5'
src/main.c:165: < 'isready'
src/main.c:82: > 'readyok'
src/main.c:165: < 'go wtime 277983 btime 286593 movestogo 33'
src/main.c:194: state = THINKING_ON_OUR_TIME
src/main.c:624: Search stopped
src/main.c:599: Search started
src/main.c:82: > 'info depth 2 score cp -151'
src/main.c:82: > 'info depth 3 score cp -93'
src/main.c:615: Thinking for too long, playing
src/main.c:624: Search stopped
src/main.c:82: > 'bestmove f8d6'
src/main.c:82: > 'info string pondering e1g1'
src/main.c:82: > 'info we're dominating the black squares'
src/main.c:198: state = THINKING_ON_THEIR_TIME
src/main.c:599: Search started
src/main.c:82: > 'info depth 2 score cp -51'
src/main.c:82: > 'info depth 3 score cp 3'
src/main.c:82: > 'info depth 4 score cp 253'
src/main.c:165: < 'position startpos moves d2d4 b8c6 g1f3 d7d6 e2e3 c8f5 b1c3 g7g6 f1d3 f5d3 d1d3 e7e5 d4e5 d6e5 d3b5 f8d6 e1g1'
src/main.c:165: < 'isready'
src/main.c:82: > 'readyok'
src/main.c:165: < 'go wtime 271895 btime 286467 movestogo 32'
src/main.c:194: state = THINKING_ON_OUR_TIME
src/main.c:82: > 'info depth 5 score cp 262'
src/main.c:615: Thinking for too long, playing
src/main.c:624: Search stopped
src/main.c:82: > 'bestmove a7a6'
src/main.c:82: > 'info string pondering b5e2'
src/main.c:82: > 'info we're dominating the black squares'
src/main.c:198: state = THINKING_ON_THEIR_TIME
src/main.c:599: Search started
src/main.c:82: > 'info depth 2 score cp -120'
src/main.c:82: > 'info depth 3 score cp -99'
src/main.c:82: > 'info depth 4 score cp -102'
src/main.c:82: > 'info depth 5 score cp -240'
src/main.c:165: < 'position startpos moves d2d4 b8c6 g1f3 d7d6 e2e3 c8f5 b1c3 g7g6 f1d3 f5d3 d1d3 e7e5 d4e5 d6e5 d3b5 f8d6 e1g1 a7a6 b5b7'
src/main.c:165: < 'isready'
src/main.c:82: > 'readyok'
src/main.c:165: < 'go wtime 265342 btime 285813 movestogo 31'
src/main.c:194: state = THINKING_ON_OUR_TIME
src/main.c:624: Search stopped
src/main.c:599: Search started
src/main.c:82: > 'info depth 2 score cp -54'
src/main.c:82: > 'info depth 3 score cp 27'
src/main.c:615: Thinking for too long, playing
src/main.c:624: Search stopped
src/main.c:82: > 'bestmove c6a5'
src/main.c:82: > 'info string pondering b7e4'
src/main.c:82: > 'info we're dominating the black squares'
src/main.c:198: state = THINKING_ON_THEIR_TIME
src/main.c:599: Search started
src/main.c:82: > 'info depth 2 score cp -11'
src/main.c:82: > 'info depth 3 score cp 23'
src/main.c:82: > 'info depth 4 score cp 30'
src/main.c:82: > 'info depth 5 score cp 13'
src/main.c:82: > 'info depth 6 score cp 12'
src/main.c:165: < 'position startpos moves d2d4 b8c6 g1f3 d7d6 e2e3 c8f5 b1c3 g7g6 f1d3 f5d3 d1d3 e7e5 d4e5 d6e5 d3b5 f8d6 e1g1 a7a6 b5b7 c6a5 b7d5'
src/main.c:165: < 'isready'
src/main.c:82: > 'readyok'
src/main.c:165: < 'go wtime 250250 btime 285723 movestogo 30'
src/main.c:194: state = THINKING_ON_OUR_TIME
src/main.c:624: Search stopped
src/main.c:599: Search started
src/main.c:82: > 'info depth 2 score cp -63'
src/main.c:82: > 'info depth 3 score cp -9'
src/main.c:615: Thinking for too long, playing
src/main.c:624: Search stopped
src/main.c:82: > 'bestmove c7c6'
src/main.c:82: > 'info string pondering d5e4'
src/main.c:82: > 'info we're dominating the black squares'
src/main.c:198: state = THINKING_ON_THEIR_TIME
src/main.c:599: Search started
src/main.c:82: > 'info depth 2 score cp -55'
src/main.c:82: > 'info depth 3 score cp -23'
src/main.c:82: > 'info depth 4 score cp -34'
src/main.c:82: > 'info depth 5 score cp -188'
src/main.c:82: > 'info depth 6 score cp -188'
src/main.c:165: < 'position startpos moves d2d4 b8c6 g1f3 d7d6 e2e3 c8f5 b1c3 g7g6 f1d3 f5d3 d1d3 e7e5 d4e5 d6e5 d3b5 f8d6 e1g1 a7a6 b5b7 c6a5 b7d5 c7c6 d5e4'
src/main.c:165: < 'isready'
src/main.c:82: > 'readyok'
src/main.c:165: < 'go wtime 235097 btime 285654 movestogo 29'
src/main.c:194: state = THINKING_ON_OUR_TIME
src/main.c:82: > 'info depth 7 score cp -251'
src/main.c:615: Thinking for too long, playing
src/main.c:624: Search stopped
src/main.c:82: > 'bestmove g8f6'
src/main.c:82: > 'info string pondering e4d3'
src/main.c:82: > 'info we're dominating the black squares'
src/main.c:198: state = THINKING_ON_THEIR_TIME
src/main.c:599: Search started
src/main.c:82: > 'info depth 2 score cp -33'
src/main.c:82: > 'info depth 3 score cp -188'
src/main.c:82: > 'info depth 4 score cp -188'
src/main.c:82: > 'info depth 5 score cp -251'
src/main.c:165: < 'position startpos moves d2d4 b8c6 g1f3 d7d6 e2e3 c8f5 b1c3 g7g6 f1d3 f5d3 d1d3 e7e5 d4e5 d6e5 d3b5 f8d6 e1g1 a7a6 b5b7 c6a5 b7d5 c7c6 d5e4 g8f6 e4h4'
src/main.c:165: < 'isready'
src/main.c:82: > 'readyok'
src/main.c:165: < 'go wtime 224236 btime 243892 movestogo 28'
src/main.c:194: state = THINKING_ON_OUR_TIME
src/main.c:624: Search stopped
src/main.c:599: Search started
src/main.c:82: > 'info depth 2 score cp -14'
src/main.c:82: > 'info depth 3 score cp -298'
src/main.c:615: Thinking for too long, playing
src/main.c:624: Search stopped
src/main.c:82: > 'bestmove e8g8'
src/main.c:82: > 'info string pondering c3e4'
src/main.c:82: > 'info we're dominating the black squares'
src/main.c:198: state = THINKING_ON_THEIR_TIME
src/main.c:599: Search started
src/main.c:82: > 'info depth 2 score cp -298'
src/main.c:82: > 'info depth 3 score cp -606'
src/main.c:82: > 'info depth 4 score cp -589'
src/main.c:82: > 'info depth 5 score cp -533'
src/main.c:82: > 'info depth 6 score cp -549'
src/main.c:165: < 'position startpos moves d2d4 b8c6 g1f3 d7d6 e2e3 c8f5 b1c3 g7g6 f1d3 f5d3 d1d3 e7e5 d4e5 d6e5 d3b5 f8d6 e1g1 a7a6 b5b7 c6a5 b7d5 c7c6 d5e4 g8f6 e4h4 e8g8 f3g5'
src/main.c:165: < 'isready'
src/main.c:82: > 'readyok'
src/main.c:165: < 'go wtime 208877 btime 243756 movestogo 27'
src/main.c:194: state = THINKING_ON_OUR_TIME
src/main.c:624: Search stopped
src/main.c:599: Search started
src/main.c:82: > 'info depth 2 score cp -1'
src/main.c:82: > 'info depth 3 score cp 53'
src/main.c:615: Thinking for too long, playing
src/main.c:624: Search stopped
src/main.c:82: > 'bestmove d8b6'
src/main.c:82: > 'info string pondering c1d2'
src/main.c:82: > 'info we're dominating the black squares'
src/main.c:198: state = THINKING_ON_THEIR_TIME
src/main.c:599: Search started
src/main.c:82: > 'info depth 2 score cp -1'
src/main.c:82: > 'info depth 3 score cp 42'
src/main.c:82: > 'info depth 4 score cp -12'
src/main.c:165: < 'position startpos moves d2d4 b8c6 g1f3 d7d6 e2e3 c8f5 b1c3 g7g6 f1d3 f5d3 d1d3 e7e5 d4e5 d6e5 d3b5 f8d6 e1g1 a7a6 b5b7 c6a5 b7d5 c7c6 d5e4 g8f6 e4h4 e8g8 f3g5 d8b6 b2b3'
src/main.c:165: < 'isready'
src/main.c:82: > 'readyok'
src/main.c:165: < 'go wtime 195502 btime 243572 movestogo 26'
src/main.c:194: state = THINKING_ON_OUR_TIME
src/main.c:624: Search stopped
src/main.c:599: Search started
src/main.c:82: > 'info depth 2 score cp 59'
src/main.c:82: > 'info depth 3 score cp 78'
src/main.c:615: Thinking for too long, playing
src/main.c:624: Search stopped
src/main.c:82: > 'bestmove d6b4'
src/main.c:82: > 'info string pondering c3a4'
src/main.c:82: > 'info we're dominating the black squares'
src/main.c:198: state = THINKING_ON_THEIR_TIME
src/main.c:599: Search started
src/main.c:82: > 'info depth 2 score cp 114'
src/main.c:82: > 'info depth 3 score cp 159'
src/main.c:82: > 'info depth 4 score cp 124'
src/main.c:82: > 'info depth 5 score cp 168'
src/main.c:165: < 'position startpos moves d2d4 b8c6 g1f3 d7d6 e2e3 c8f5 b1c3 g7g6 f1d3 f5d3 d1d3 e7e5 d4e5 d6e5 d3b5 f8d6 e1g1 a7a6 b5b7 c6a5 b7d5 c7c6 d5e4 g8f6 e4h4 e8g8 f3g5 d8b6 b2b3 d6b4 c3e4'
src/main.c:165: < 'isready'
src/main.c:82: > 'readyok'
src/main.c:165: < 'go wtime 185932 btime 243343 movestogo 25'
src/main.c:194: state = THINKING_ON_OUR_TIME
src/main.c:624: Search stopped
src/main.c:599: Search started
src/main.c:82: > 'info depth 2 score cp -44'
src/main.c:82: > 'info depth 3 score cp 69'
src/main.c:615: Thinking for too long, playing
src/main.c:624: Search stopped
src/main.c:82: > 'bestmove c6c5'
src/main.c:82: > 'info string pondering c1b2'
src/main.c:82: > 'info we're dominating the black squares'
src/main.c:198: state = THINKING_ON_THEIR_TIME
src/main.c:599: Search started
src/main.c:82: > 'info depth 2 score cp 69'
src/main.c:82: > 'info depth 3 score cp 141'
src/main.c:82: > 'info depth 4 score cp 141'
src/main.c:82: > 'info depth 5 score cp 192'
src/main.c:165: < 'position startpos moves d2d4 b8c6 g1f3 d7d6 e2e3 c8f5 b1c3 g7g6 f1d3 f5d3 d1d3 e7e5 d4e5 d6e5 d3b5 f8d6 e1g1 a7a6 b5b7 c6a5 b7d5 c7c6 d5e4 g8f6 e4h4 e8g8 f3g5 d8b6 b2b3 d6b4 c3e4 c6c5 e4f6'
src/main.c:165: < 'isready'
src/main.c:82: > 'readyok'
src/main.c:165: < 'go wtime 176877 btime 243288 movestogo 24'
src/main.c:194: state = THINKING_ON_OUR_TIME
src/main.c:624: Search stopped
src/main.c:599: Search started
src/main.c:82: > 'info depth 2 score cp 68'
src/main.c:82: > 'info depth 3 score cp 552'
src/main.c:615: Thinking for too long, playing
src/main.c:624: Search stopped
src/main.c:82: > 'bestmove g8g7'
src/main.c:82: > 'info string pondering f6d7'
src/main.c:82: > 'info we're dominating the black squares'
src/main.c:198: state = THINKING_ON_THEIR_TIME
src/main.c:599: Search started
src/main.c:82: > 'info depth 2 score cp 552'
src/main.c:82: > 'info depth 3 score cp 946'
src/main.c:82: > 'info depth 4 score cp 946'
src/main.c:82: > 'info depth 5 score cp 973'
src/main.c:82: > 'info depth 6 score cp 993'
src/main.c:82: > 'info depth 7 score cp 1016'
src/main.c:82: > 'info depth 8 score cp 989'
src/main.c:165: < 'position startpos moves d2d4 b8c6 g1f3 d7d6 e2e3 c8f5 b1c3 g7g6 f1d3 f5d3 d1d3 e7e5 d4e5 d6e5 d3b5 f8d6 e1g1 a7a6 b5b7 c6a5 b7d5 c7c6 d5e4 g8f6 e4h4 e8g8 f3g5 d8b6 b2b3 d6b4 c3e4 c6c5 e4f6 g8g7 f6d5'
src/main.c:165: < 'isready'
src/main.c:82: > 'readyok'
src/main.c:165: < 'go wtime 125916 btime 243242 movestogo 23'
src/main.c:194: state = THINKING_ON_OUR_TIME
src/main.c:624: Search stopped
src/main.c:599: Search started
src/main.c:82: > 'info depth 2 score cp 442'
src/main.c:82: > 'info depth 3 score cp 946'
src/main.c:615: Thinking for too long, playing
src/main.c:624: Search stopped
src/main.c:82: > 'bestmove h7h6'
src/main.c:82: > 'info string pondering d5b6'
src/main.c:82: > 'info we're dominating the black squares'
src/main.c:198: state = THINKING_ON_THEIR_TIME
src/main.c:599: Search started
src/main.c:82: > 'info depth 2 score cp 946'
src/main.c:82: > 'info depth 3 score cp 973'
src/main.c:82: > 'info depth 4 score cp 993'
src/main.c:82: > 'info depth 5 score cp 1016'
src/main.c:82: > 'info depth 6 score cp 989'
src/main.c:165: < 'position startpos moves d2d4 b8c6 g1f3 d7d6 e2e3 c8f5 b1c3 g7g6 f1d3 f5d3 d1d3 e7e5 d4e5 d6e5 d3b5 f8d6 e1g1 a7a6 b5b7 c6a5 b7d5 c7c6 d5e4 g8f6 e4h4 e8g8 f3g5 d8b6 b2b3 d6b4 c3e4 c6c5 e4f6 g8g7 f6d5 h7h6 d5b6'
src/main.c:165: < 'isready'
src/main.c:82: > 'readyok'
src/main.c:165: < 'go wtime 120527 btime 243208 movestogo 22'
src/main.c:194: state = THINKING_ON_OUR_TIME
src/main.c:82: > 'info depth 7 score cp 1057'
src/main.c:615: Thinking for too long, playing
src/main.c:624: Search stopped
src/main.c:82: > 'bestmove h6g5'
src/main.c:82: > 'info string pondering h4g5'
src/main.c:82: > 'info we're dominating the black squares'
src/main.c:198: state = THINKING_ON_THEIR_TIME
src/main.c:599: Search started
src/main.c:82: > 'info depth 2 score cp 993'
src/main.c:82: > 'info depth 3 score cp 1016'
src/main.c:82: > 'info depth 4 score cp 989'
src/main.c:82: > 'info depth 5 score cp 1057'
src/main.c:165: < 'position startpos moves d2d4 b8c6 g1f3 d7d6 e2e3 c8f5 b1c3 g7g6 f1d3 f5d3 d1d3 e7e5 d4e5 d6e5 d3b5 f8d6 e1g1 a7a6 b5b7 c6a5 b7d5 c7c6 d5e4 g8f6 e4h4 e8g8 f3g5 d8b6 b2b3 d6b4 c3e4 c6c5 e4f6 g8g7 f6d5 h7h6 d5b6 h6g5 h4g5'
src/main.c:165: < 'isready'
src/main.c:82: > 'readyok'
src/main.c:165: < 'go wtime 116675 btime 238869 movestogo 21'
src/main.c:194: state = THINKING_ON_OUR_TIME
src/main.c:82: > 'info depth 6 score cp 1052'
src/main.c:615: Thinking for too long, playing
src/main.c:624: Search stopped
src/main.c:82: > 'bestmove f7f6'
src/main.c:82: > 'info string pondering g5g3'
src/main.c:82: > 'info we're dominating the black squares'
src/main.c:198: state = THINKING_ON_THEIR_TIME
src/main.c:599: Search started
src/main.c:82: > 'info depth 2 score cp 977'
src/main.c:82: > 'info depth 3 score cp 1057'
src/main.c:82: > 'info depth 4 score cp 1052'
src/main.c:82: > 'info depth 5 score cp 1068'
src/main.c:165: < 'position startpos moves d2d4 b8c6 g1f3 d7d6 e2e3 c8f5 b1c3 g7g6 f1d3 f5d3 d1d3 e7e5 d4e5 d6e5 d3b5 f8d6 e1g1 a7a6 b5b7 c6a5 b7d5 c7c6 d5e4 g8f6 e4h4 e8g8 f3g5 d8b6 b2b3 d6b4 c3e4 c6c5 e4f6 g8g7 f6d5 h7h6 d5b6 h6g5 h4g5 f7f6 g5h4'
src/main.c:165: < 'isready'
src/main.c:82: > 'readyok'
src/main.c:165: < 'go wtime 111380 btime 237805 movestogo 20'
src/main.c:194: state = THINKING_ON_OUR_TIME
src/main.c:624: Search stopped
src/main.c:599: Search started
src/main.c:82: > 'info depth 2 score cp 989'
src/main.c:82: > 'info depth 3 score cp 1018'
src/main.c:615: Thinking for too long, playing
src/main.c:624: Search stopped
src/main.c:82: > 'bestmove g6g5'
src/main.c:82: > 'info string pondering h4g3'
src/main.c:82: > 'info we're dominating the black squares'
src/main.c:198: state = THINKING_ON_THEIR_TIME
src/main.c:599: Search started
src/main.c:82: > 'info depth 2 score cp 979'
src/main.c:82: > 'info depth 3 score cp 1035'
src/main.c:82: > 'info depth 4 score cp 1054'
src/main.c:82: > 'info depth 5 score cp 1074'
src/main.c:165: < 'position startpos moves d2d4 b8c6 g1f3 d7d6 e2e3 c8f5 b1c3 g7g6 f1d3 f5d3 d1d3 e7e5 d4e5 d6e5 d3b5 f8d6 e1g1 a7a6 b5b7 c6a5 b7d5 c7c6 d5e4 g8f6 e4h4 e8g8 f3g5 d8b6 b2b3 d6b4 c3e4 c6c5 e4f6 g8g7 f6d5 h7h6 d5b6 h6g5 h4g5 f7f6 g5h4 g6g5 h4h5'
src/main.c:165: < 'isready'
src/main.c:82: > 'readyok'
src/main.c:165: < 'go wtime 108749 btime 237717 movestogo 19'
src/main.c:194: state = THINKING_ON_OUR_TIME
src/main.c:624: Search stopped
src/main.c:599: Search started
src/main.c:82: > 'info depth 2 score cp 955'
src/main.c:82: > 'info depth 3 score cp 1043'
src/main.c:615: Thinking for too long, playing
src/main.c:624: Search stopped
src/main.c:82: > 'bestmove a8b8'
src/main.c:82: > 'info string pondering a2a3'
src/main.c:82: > 'info we're dominating the black squares'
src/main.c:198: state = THINKING_ON_THEIR_TIME
src/main.c:599: Search started
src/main.c:82: > 'info depth 2 score cp 862'
src/main.c:82: > 'info depth 3 score cp 862'
src/main.c:82: > 'info depth 4 score cp 815'
src/main.c:82: > 'info depth 5 score cp 815'
src/main.c:165: < 'position startpos moves d2d4 b8c6 g1f3 d7d6 e2e3 c8f5 b1c3 g7g6 f1d3 f5d3 d1d3 e7e5 d4e5 d6e5 d3b5 f8d6 e1g1 a7a6 b5b7 c6a5 b7d5 c7c6 d5e4 g8f6 e4h4 e8g8 f3g5 d8b6 b2b3 d6b4 c3e4 c6c5 e4f6 g8g7 f6d5 h7h6 d5b6 h6g5 h4g5 f7f6 g5h4 g6g5 h4h5 a8b8 b6d5'
src/main.c:165: < 'isready'
src/main.c:82: > 'readyok'
src/main.c:165: < 'go wtime 102586 btime 237641 movestogo 18'
src/main.c:194: state = THINKING_ON_OUR_TIME
src/main.c:624: Search stopped
src/main.c:599: Search started
src/main.c:82: > 'info depth 2 score cp 978'
src/main.c:82: > 'info depth 3 score cp 1067'
src/main.c:615: Thinking for too long, playing
src/main.c:624: Search stopped
src/main.c:82: > 'bestmove c5c4'
src/main.c:82: > 'info string pondering c1b2'
src/main.c:82: > 'info we're dominating the black squares'
src/main.c:198: state = THINKING_ON_THEIR_TIME
src/main.c:599: Search started
src/main.c:82: > 'info depth 2 score cp 1060'
src/main.c:82: > 'info depth 3 score cp 1068'
src/main.c:82: > 'info depth 4 score cp 1067'
src/main.c:82: > 'info depth 5 score cp 1106'
src/main.c:165: < 'position startpos moves d2d4 b8c6 g1f3 d7d6 e2e3 c8f5 b1c3 g7g6 f1d3 f5d3 d1d3 e7e5 d4e5 d6e5 d3b5 f8d6 e1g1 a7a6 b5b7 c6a5 b7d5 c7c6 d5e4 g8f6 e4h4 e8g8 f3g5 d8b6 b2b3 d6b4 c3e4 c6c5 e4f6 g8g7 f6d5 h7h6 d5b6 h6g5 h4g5 f7f6 g5h4 g6g5 h4h5 a8b8 b6d5 c5c4 e3e4'
src/main.c:165: < 'isready'
src/main.c:82: > 'readyok'
src/main.c:165: < 'go wtime 84809 btime 237532 movestogo 17'
src/main.c:194: state = THINKING_ON_OUR_TIME
src/main.c:624: Search stopped
src/main.c:599: Search started
src/main.c:82: > 'info depth 2 score cp 966'
src/main.c:82: > 'info depth 3 score cp 999'
src/main.c:615: Thinking for too long, playing
src/main.c:624: Search stopped
src/main.c:82: > 'bestmove f8h8'
src/main.c:82: > 'info string pondering h5f3'
src/main.c:82: > 'info we're dominating the black squares'
src/main.c:198: state = THINKING_ON_THEIR_TIME
src/main.c:599: Search started
src/main.c:82: > 'info depth 2 score cp 999'
src/main.c:82: > 'info depth 3 score cp 1050'
src/main.c:82: > 'info depth 4 score cp 1071'
src/main.c:82: > 'info depth 5 score cp 1137'
src/main.c:165: < 'position startpos moves d2d4 b8c6 g1f3 d7d6 e2e3 c8f5 b1c3 g7g6 f1d3 f5d3 d1d3 e7e5 d4e5 d6e5 d3b5 f8d6 e1g1 a7a6 b5b7 c6a5 b7d5 c7c6 d5e4 g8f6 e4h4 e8g8 f3g5 d8b6 b2b3 d6b4 c3e4 c6c5 e4f6 g8g7 f6d5 h7h6 d5b6 h6g5 h4g5 f7f6 g5h4 g6g5 h4h5 a8b8 b6d5 c5c4 e3e4 f8h8 h5f3'
src/main.c:165: < 'isready'
src/main.c:82: > 'readyok'
src/main.c:165: < 'go wtime 77399 btime 237345 movestogo 16'
src/main.c:194: state = THINKING_ON_OUR_TIME
src/main.c:82: > 'info depth 6 score cp 1133'
src/main.c:615: Thinking for too long, playing
src/main.c:624: Search stopped
src/main.c:82: > 'bestmove h8h6'
src/main.c:82: > 'info string pondering d5b4'
src/main.c:82: > 'info we're dominating the black squares'
src/main.c:198: state = THINKING_ON_THEIR_TIME
src/main.c:599: Search started
src/main.c:82: > 'info depth 2 score cp 1075'
src/main.c:82: > 'info depth 3 score cp 1137'
src/main.c:82: > 'info depth 4 score cp 1133'
src/main.c:82: > 'info depth 5 score cp 1141'
src/main.c:165: < 'position startpos moves d2d4 b8c6 g1f3 d7d6 e2e3 c8f5 b1c3 g7g6 f1d3 f5d3 d1d3 e7e5 d4e5 d6e5 d3b5 f8d6 e1g1 a7a6 b5b7 c6a5 b7d5 c7c6 d5e4 g8f6 e4h4 e8g8 f3g5 d8b6 b2b3 d6b4 c3e4 c6c5 e4f6 g8g7 f6d5 h7h6 d5b6 h6g5 h4g5 f7f6 g5h4 g6g5 h4h5 a8b8 b6d5 c5c4 e3e4 f8h8 h5f3 h8h6 b3c4'
src/main.c:165: < 'isready'
src/main.c:82: > 'readyok'
src/main.c:165: < 'go wtime 70527 btime 235611 movestogo 15'
src/main.c:194: state = THINKING_ON_OUR_TIME
src/main.c:624: Search stopped
src/main.c:599: Search started
src/main.c:82: > 'info depth 2 score cp 1000'
src/main.c:82: > 'info depth 3 score cp 1085'
src/main.c:615: Thinking for too long, playing
src/main.c:624: Search stopped
src/main.c:82: > 'bestmove b4d6'
src/main.c:82: > 'info string pondering d5e3'
src/main.c:82: > 'info we're dominating the black squares'
src/main.c:198: state = THINKING_ON_THEIR_TIME
src/main.c:599: Search started
src/main.c:82: > 'info depth 2 score cp 1084'
src/main.c:82: > 'info depth 3 score cp 1177'
src/main.c:82: > 'info depth 4 score cp 1154'
src/main.c:82: > 'info depth 5 score cp 1244'
src/main.c:165: < 'position startpos moves d2d4 b8c6 g1f3 d7d6 e2e3 c8f5 b1c3 g7g6 f1d3 f5d3 d1d3 e7e5 d4e5 d6e5 d3b5 f8d6 e1g1 a7a6 b5b7 c6a5 b7d5 c7c6 d5e4 g8f6 e4h4 e8g8 f3g5 d8b6 b2b3 d6b4 c3e4 c6c5 e4f6 g8g7 f6d5 h7h6 d5b6 h6g5 h4g5 f7f6 g5h4 g6g5 h4h5 a8b8 b6d5 c5c4 e3e4 f8h8 h5f3 h8h6 b3c4 b4d6 a2a4'
src/main.c:165: < 'isready'
src/main.c:82: > 'readyok'
src/main.c:165: < 'go wtime 60726 btime 235478 movestogo 14'
src/main.c:194: state = THINKING_ON_OUR_TIME
src/main.c:624: Search stopped
src/main.c:599: Search started
src/main.c:82: > 'info depth 2 score cp 911'
src/main.c:82: > 'info depth 3 score cp 990'
src/main.c:615: Thinking for too long, playing
src/main.c:624: Search stopped
src/main.c:82: > 'bestmove a5c4'
src/main.c:82: > 'info string pondering h2h4'
src/main.c:82: > 'info we're dominating the black squares'
src/main.c:198: state = THINKING_ON_THEIR_TIME
src/main.c:599: Search started
src/main.c:82: > 'info depth 2 score cp 990'
src/main.c:82: > 'info depth 3 score cp 1000'
src/main.c:82: > 'info depth 4 score cp 998'
src/main.c:82: > 'info depth 5 score cp 1060'
src/main.c:82: > 'info depth 6 score cp 1055'
src/main.c:165: < 'position startpos moves d2d4 b8c6 g1f3 d7d6 e2e3 c8f5 b1c3 g7g6 f1d3 f5d3 d1d3 e7e5 d4e5 d6e5 d3b5 f8d6 e1g1 a7a6 b5b7 c6a5 b7d5 c7c6 d5e4 g8f6 e4h4 e8g8 f3g5 d8b6 b2b3 d6b4 c3e4 c6c5 e4f6 g8g7 f6d5 h7h6 d5b6 h6g5 h4g5 f7f6 g5h4 g6g5 h4h5 a8b8 b6d5 c5c4 e3e4 f8h8 h5f3 h8h6 b3c4 b4d6 a2a4 a5c4 f3c3'
src/main.c:165: < 'isready'
src/main.c:82: > 'readyok'
src/main.c:165: < 'go wtime 47844 btime 235386 movestogo 13'
src/main.c:194: state = THINKING_ON_OUR_TIME
src/main.c:624: Search stopped
src/main.c:599: Search started
src/main.c:82: > 'info depth 2 score cp 980'
src/main.c:82: > 'info depth 3 score cp 1032'
src/main.c:615: Thinking for too long, playing
src/main.c:624: Search stopped
src/main.c:82: > 'bestmove b8c8'
src/main.c:82: > 'info string pondering c1b2'
src/main.c:82: > 'info we're dominating the black squares'
src/main.c:198: state = THINKING_ON_THEIR_TIME
src/main.c:599: Search started
src/main.c:82: > 'info depth 2 score cp 959'
src/main.c:82: > 'info depth 3 score cp 959'
src/main.c:82: > 'info depth 4 score cp 959'
src/main.c:82: > 'info depth 5 score cp 985'
src/main.c:165: < 'position startpos moves d2d4 b8c6 g1f3 d7d6 e2e3 c8f5 b1c3 g7g6 f1d3 f5d3 d1d3 e7e5 d4e5 d6e5 d3b5 f8d6 e1g1 a7a6 b5b7 c6a5 b7d5 c7c6 d5e4 g8f6 e4h4 e8g8 f3g5 d8b6 b2b3 d6b4 c3e4 c6c5 e4f6 g8g7 f6d5 h7h6 d5b6 h6g5 h4g5 f7f6 g5h4 g6g5 h4h5 a8b8 b6d5 c5c4 e3e4 f8h8 h5f3 h8h6 b3c4 b4d6 a2a4 a5c4 f3c3 b8c8 c1b2'
src/main.c:165: < 'isready'
src/main.c:82: > 'readyok'
src/main.c:165: < 'go wtime 37586 btime 235309 movestogo 12'
src/main.c:194: state = THINKING_ON_OUR_TIME
src/main.c:82: > 'info depth 6 score cp 971'
src/main.c:615: Thinking for too long, playing
src/main.c:624: Search stopped
src/main.c:82: > 'bestmove h6h8'
src/main.c:82: > 'info string pondering g2g3'
src/main.c:82: > 'info we're dominating the black squares'
src/main.c:198: state = THINKING_ON_THEIR_TIME
src/main.c:599: Search started
src/main.c:82: > 'info depth 2 score cp 959'
src/main.c:82: > 'info depth 3 score cp 971'
src/main.c:82: > 'info depth 4 score cp 971'
src/main.c:165: < 'position startpos moves d2d4 b8c6 g1f3 d7d6 e2e3 c8f5 b1c3 g7g6 f1d3 f5d3 d1d3 e7e5 d4e5 d6e5 d3b5 f8d6 e1g1 a7a6 b5b7 c6a5 b7d5 c7c6 d5e4 g8f6 e4h4 e8g8 f3g5 d8b6 b2b3 d6b4 c3e4 c6c5 e4f6 g8g7 f6d5 h7h6 d5b6 h6g5 h4g5 f7f6 g5h4 g6g5 h4h5 a8b8 b6d5 c5c4 e3e4 f8h8 h5f3 h8h6 b3c4 b4d6 a2a4 a5c4 f3c3 b8c8 c1b2 h6h8 a1d1'
src/main.c:165: < 'isready'
src/main.c:82: > 'readyok'
src/main.c:165: < 'go wtime 34918 btime 202899 movestogo 11'
src/main.c:194: state = THINKING_ON_OUR_TIME
src/main.c:624: Search stopped
src/main.c:599: Search started
src/main.c:82: > 'info depth 2 score cp 935'
src/main.c:82: > 'info depth 3 score cp 963'
src/main.c:615: Thinking for too long, playing
src/main.c:624: Search stopped
src/main.c:82: > 'bestmove h8d8'
src/main.c:82: > 'info string pondering g2g3'
src/main.c:82: > 'info we're dominating the black squares'
src/main.c:198: state = THINKING_ON_THEIR_TIME
src/main.c:599: Search started
src/main.c:82: > 'info depth 2 score cp 963'
src/main.c:82: > 'info depth 3 score cp 980'
src/main.c:82: > 'info depth 4 score cp 980'
src/main.c:82: > 'info depth 5 score cp 1010'
src/main.c:165: < 'position startpos moves d2d4 b8c6 g1f3 d7d6 e2e3 c8f5 b1c3 g7g6 f1d3 f5d3 d1d3 e7e5 d4e5 d6e5 d3b5 f8d6 e1g1 a7a6 b5b7 c6a5 b7d5 c7c6 d5e4 g8f6 e4h4 e8g8 f3g5 d8b6 b2b3 d6b4 c3e4 c6c5 e4f6 g8g7 f6d5 h7h6 d5b6 h6g5 h4g5 f7f6 g5h4 g6g5 h4h5 a8b8 b6d5 c5c4 e3e4 f8h8 h5f3 h8h6 b3c4 b4d6 a2a4 a5c4 f3c3 b8c8 c1b2 h6h8 a1d1 h8d8 d5e3'
src/main.c:165: < 'isready'
src/main.c:82: > 'readyok'
src/main.c:165: < 'go wtime 24381 btime 202773 movestogo 10'
src/main.c:194: state = THINKING_ON_OUR_TIME
src/main.c:624: Search stopped
src/main.c:599: Search started
src/main.c:82: > 'info depth 2 score cp 955'
src/main.c:82: > 'info depth 3 score cp 955'
src/main.c:615: Thinking for too long, playing
src/main.c:624: Search stopped
src/main.c:82: > 'bestmove c4e3'
src/main.c:82: > 'info string pondering c3e3'
src/main.c:82: > 'info we're dominating the black squares'
src/main.c:198: state = THINKING_ON_THEIR_TIME
src/main.c:599: Search started
src/main.c:82: > 'info depth 2 score cp 899'
src/main.c:82: > 'info depth 3 score cp 1015'
src/main.c:82: > 'info depth 4 score cp 994'
src/main.c:82: > 'info depth 5 score cp 1090'
src/main.c:165: < 'position startpos moves d2d4 b8c6 g1f3 d7d6 e2e3 c8f5 b1c3 g7g6 f1d3 f5d3 d1d3 e7e5 d4e5 d6e5 d3b5 f8d6 e1g1 a7a6 b5b7 c6a5 b7d5 c7c6 d5e4 g8f6 e4h4 e8g8 f3g5 d8b6 b2b3 d6b4 c3e4 c6c5 e4f6 g8g7 f6d5 h7h6 d5b6 h6g5 h4g5 f7f6 g5h4 g6g5 h4h5 a8b8 b6d5 c5c4 e3e4 f8h8 h5f3 h8h6 b3c4 b4d6 a2a4 a5c4 f3c3 b8c8 c1b2 h6h8 a1d1 h8d8 d5e3 c4e3 c3e3'
src/main.c:165: < 'isready'
src/main.c:82: > 'readyok'
src/main.c:165: < 'go wtime 21858 btime 202738 movestogo 9'
src/main.c:194: state = THINKING_ON_OUR_TIME
src/main.c:82: > 'info depth 6 score cp 1074'
src/main.c:615: Thinking for too long, playing
src/main.c:624: Search stopped
src/main.c:82: > 'bestmove g7f7'
src/main.c:82: > 'info string pondering g2g3'
src/main.c:82: > 'info we're dominating the black squares'
src/main.c:198: state = THINKING_ON_THEIR_TIME
src/main.c:599: Search started
src/main.c:82: > 'info depth 2 score cp 942'
src/main.c:82: > 'info depth 3 score cp 1090'
src/main.c:82: > 'info depth 4 score cp 1074'
src/main.c:82: > 'info depth 5 score cp 1106'
src/main.c:165: < 'position startpos moves d2d4 b8c6 g1f3 d7d6 e2e3 c8f5 b1c3 g7g6 f1d3 f5d3 d1d3 e7e5 d4e5 d6e5 d3b5 f8d6 e1g1 a7a6 b5b7 c6a5 b7d5 c7c6 d5e4 g8f6 e4h4 e8g8 f3g5 d8b6 b2b3 d6b4 c3e4 c6c5 e4f6 g8g7 f6d5 h7h6 d5b6 h6g5 h4g5 f7f6 g5h4 g6g5 h4h5 a8b8 b6d5 c5c4 e3e4 f8h8 h5f3 h8h6 b3c4 b4d6 a2a4 a5c4 f3c3 b8c8 c1b2 h6h8 a1d1 h8d8 d5e3 c4e3 c3e3 g7f7 e3a7'
src/main.c:165: < 'isready'
src/main.c:82: > 'readyok'
src/main.c:165: < 'go wtime 16499 btime 195651 movestogo 8'
src/main.c:194: state = THINKING_ON_OUR_TIME
src/main.c:624: Search stopped
src/main.c:599: Search started
src/main.c:82: > 'info depth 2 score cp 1039'
src/main.c:82: > 'info depth 3 score cp 1057'
src/main.c:615: Thinking for too long, playing
src/main.c:624: Search stopped
src/main.c:82: > 'bestmove f7e6'
src/main.c:82: > 'info string pondering a7b6'
src/main.c:82: > 'info we're dominating the black squares'
src/main.c:198: state = THINKING_ON_THEIR_TIME
src/main.c:599: Search started
src/main.c:82: > 'info depth 2 score cp 1036'
src/main.c:82: > 'info depth 3 score cp 1073'
src/main.c:82: > 'info depth 4 score cp 1048'
src/main.c:82: > 'info depth 5 score cp 1093'
src/main.c:82: > 'info depth 6 score cp 1093'
src/main.c:165: < 'position startpos moves d2d4 b8c6 g1f3 d7d6 e2e3 c8f5 b1c3 g7g6 f1d3 f5d3 d1d3 e7e5 d4e5 d6e5 d3b5 f8d6 e1g1 a7a6 b5b7 c6a5 b7d5 c7c6 d5e4 g8f6 e4h4 e8g8 f3g5 d8b6 b2b3 d6b4 c3e4 c6c5 e4f6 g8g7 f6d5 h7h6 d5b6 h6g5 h4g5 f7f6 g5h4 g6g5 h4h5 a8b8 b6d5 c5c4 e3e4 f8h8 h5f3 h8h6 b3c4 b4d6 a2a4 a5c4 f3c3 b8c8 c1b2 h6h8 a1d1 h8d8 d5e3 c4e3 c3e3 g7f7 e3a7 f7e6 a7a6'
src/main.c:165: < 'isready'
src/main.c:82: > 'readyok'
src/main.c:165: < 'go wtime 6148 btime 195619 movestogo 7'
src/main.c:194: state = THINKING_ON_OUR_TIME
src/main.c:624: Search stopped
src/main.c:599: Search started
src/main.c:82: > 'info depth 2 score cp 1021'
src/main.c:82: > 'info depth 3 score cp 1186'
src/main.c:615: Thinking for too long, playing
src/main.c:624: Search stopped
src/main.c:82: > 'bestmove c8c7'
src/main.c:82: > 'info string pondering a6a5'
src/main.c:82: > 'info we're dominating the black squares'
src/main.c:198: state = THINKING_ON_THEIR_TIME
src/main.c:599: Search started
src/main.c:82: > 'info depth 2 score cp 1131'
src/main.c:82: > 'info depth 3 score cp 1182'
src/main.c:82: > 'info depth 4 score cp 1127'
src/main.c:82: > 'info depth 5 score cp 1207'
src/main.c:165: < 'position startpos moves d2d4 b8c6 g1f3 d7d6 e2e3 c8f5 b1c3 g7g6 f1d3 f5d3 d1d3 e7e5 d4e5 d6e5 d3b5 f8d6 e1g1 a7a6 b5b7 c6a5 b7d5 c7c6 d5e4 g8f6 e4h4 e8g8 f3g5 d8b6 b2b3 d6b4 c3e4 c6c5 e4f6 g8g7 f6d5 h7h6 d5b6 h6g5 h4g5 f7f6 g5h4 g6g5 h4h5 a8b8 b6d5 c5c4 e3e4 f8h8 h5f3 h8h6 b3c4 b4d6 a2a4 a5c4 f3c3 b8c8 c1b2 h6h8 a1d1 h8d8 d5e3 c4e3 c3e3 g7f7 e3a7 f7e6 a7a6 c8c7 b2a3'
src/main.c:165: < 'isready'
src/main.c:82: > 'readyok'
src/main.c:165: < 'go wtime -1545 btime 195561 movestogo 6'
src/main.c:194: state = THINKING_ON_OUR_TIME
src/main.c:624: Search stopped
src/main.c:599: Search started
src/main.c:82: > 'info depth 2 score cp 1184'
src/main.c:82: > 'info depth 3 score cp 1228'
src/main.c:615: Thinking for too long, playing
src/main.c:624: Search stopped
src/main.c:82: > 'bestmove c7d7'
src/main.c:82: > 'info string pondering g2g3'
src/main.c:82: > 'info we're dominating the black squares'
src/main.c:198: state = THINKING_ON_THEIR_TIME
src/main.c:599: Search started
src/main.c:82: > 'info depth 2 score cp 1228'
src/main.c:82: > 'info depth 3 score cp 1232'
src/main.c:82: > 'info depth 4 score cp 1231'
src/main.c:82: > 'info depth 5 score cp 1266'
src/main.c:82: > 'info depth 6 score cp 1264'
src/main.c:165: < 'position startpos moves d2d4 b8c6 g1f3 d7d6 e2e3 c8f5 b1c3 g7g6 f1d3 f5d3 d1d3 e7e5 d4e5 d6e5 d3b5 f8d6 e1g1 a7a6 b5b7 c6a5 b7d5 c7c6 d5e4 g8f6 e4h4 e8g8 f3g5 d8b6 b2b3 d6b4 c3e4 c6c5 e4f6 g8g7 f6d5 h7h6 d5b6 h6g5 h4g5 f7f6 g5h4 g6g5 h4h5 a8b8 b6d5 c5c4 e3e4 f8h8 h5f3 h8h6 b3c4 b4d6 a2a4 a5c4 f3c3 b8c8 c1b2 h6h8 a1d1 h8d8 d5e3 c4e3 c3e3 g7f7 e3a7 f7e6 a7a6 c8c7 b2a3 c7d7 d1d2'
src/main.c:165: < 'isready'
src/main.c:82: > 'readyok'
src/main.c:165: < 'go wtime -7795 btime 195524 movestogo 5'
src/main.c:194: state = THINKING_ON_OUR_TIME
src/main.c:624: Search stopped
src/main.c:599: Search started
src/main.c:82: > 'info depth 2 score cp 1188'
src/main.c:82: > 'info depth 3 score cp 1192'
src/main.c:615: Thinking for too long, playing
src/main.c:624: Search stopped
src/main.c:82: > 'bestmove e6e7'
src/main.c:82: > 'info string pondering a3d6'
src/main.c:82: > 'info we're dominating the black squares'
src/main.c:198: state = THINKING_ON_THEIR_TIME
src/main.c:599: Search started
src/main.c:82: > 'info depth 2 score cp 1192'
src/main.c:82: > 'info depth 3 score cp 1211'
src/main.c:82: > 'info depth 4 score cp 1196'
src/main.c:82: > 'info depth 5 score cp 1234'
src/main.c:82: > 'info depth 6 score cp 1204'
src/main.c:82: > 'info depth 7 score cp 1233'
src/main.c:82: > 'info depth 8 score cp 1211'
src/main.c:165: < 'position startpos moves d2d4 b8c6 g1f3 d7d6 e2e3 c8f5 b1c3 g7g6 f1d3 f5d3 d1d3 e7e5 d4e5 d6e5 d3b5 f8d6 e1g1 a7a6 b5b7 c6a5 b7d5 c7c6 d5e4 g8f6 e4h4 e8g8 f3g5 d8b6 b2b3 d6b4 c3e4 c6c5 e4f6 g8g7 f6d5 h7h6 d5b6 h6g5 h4g5 f7f6 g5h4 g6g5 h4h5 a8b8 b6d5 c5c4 e3e4 f8h8 h5f3 h8h6 b3c4 b4d6 a2a4 a5c4 f3c3 b8c8 c1b2 h6h8 a1d1 h8d8 d5e3 c4e3 c3e3 g7f7 e3a7 f7e6 a7a6 c8c7 b2a3 c7d7 d1d2 e6e7 a3d6'
src/main.c:165: < 'isready'
src/main.c:82: > 'readyok'
src/main.c:165: < 'go wtime -19397 btime 195463 movestogo 4'
src/main.c:194: state = THINKING_ON_OUR_TIME
src/main.c:82: > 'info depth 9 score cp 1258'
src/main.c:615: Thinking for too long, playing
src/main.c:624: Search stopped
src/main.c:82: > 'bestmove d7d6'
src/main.c:82: > 'info string pondering d2d6'
src/main.c:82: > 'info we're dominating the black squares'
src/main.c:198: state = THINKING_ON_THEIR_TIME
src/main.c:599: Search started
src/main.c:82: > 'info depth 2 score cp 1196'
src/main.c:82: > 'info depth 3 score cp 1234'
src/main.c:82: > 'info depth 4 score cp 1192'
src/main.c:82: > 'info depth 5 score cp 1233'
src/main.c:82: > 'info depth 6 score cp 1207'
src/main.c:82: > 'info depth 7 score cp 1258'
src/main.c:82: > 'info depth 8 score cp 1261'
src/main.c:165: < 'position startpos moves d2d4 b8c6 g1f3 d7d6 e2e3 c8f5 b1c3 g7g6 f1d3 f5d3 d1d3 e7e5 d4e5 d6e5 d3b5 f8d6 e1g1 a7a6 b5b7 c6a5 b7d5 c7c6 d5e4 g8f6 e4h4 e8g8 f3g5 d8b6 b2b3 d6b4 c3e4 c6c5 e4f6 g8g7 f6d5 h7h6 d5b6 h6g5 h4g5 f7f6 g5h4 g6g5 h4h5 a8b8 b6d5 c5c4 e3e4 f8h8 h5f3 h8h6 b3c4 b4d6 a2a4 a5c4 f3c3 b8c8 c1b2 h6h8 a1d1 h8d8 d5e3 c4e3 c3e3 g7f7 e3a7 f7e6 a7a6 c8c7 b2a3 c7d7 d1d2 e6e7 a3d6 d7d6 d2d6'
src/main.c:165: < 'isready'
src/main.c:82: > 'readyok'
src/main.c:165: < 'go wtime -28421 btime 192977 movestogo 3'
src/main.c:194: state = THINKING_ON_OUR_TIME
src/main.c:82: > 'info depth 9 score cp 1303'
src/main.c:615: Thinking for too long, playing
src/main.c:624: Search stopped
src/main.c:82: > 'bestmove d8d6'
src/main.c:82: > 'info string pondering a6b5'
src/main.c:82: > 'info we're dominating the black squares'
src/main.c:198: state = THINKING_ON_THEIR_TIME
src/main.c:599: Search started
src/main.c:82: > 'info depth 2 score cp 1178'
src/main.c:82: > 'info depth 3 score cp 1226'
src/main.c:82: > 'info depth 4 score cp 1207'
src/main.c:82: > 'info depth 5 score cp 1258'
src/main.c:82: > 'info depth 6 score cp 1261'
src/main.c:165: < 'position startpos moves d2d4 b8c6 g1f3 d7d6 e2e3 c8f5 b1c3 g7g6 f1d3 f5d3 d1d3 e7e5 d4e5 d6e5 d3b5 f8d6 e1g1 a7a6 b5b7 c6a5 b7d5 c7c6 d5e4 g8f6 e4h4 e8g8 f3g5 d8b6 b2b3 d6b4 c3e4 c6c5 e4f6 g8g7 f6d5 h7h6 d5b6 h6g5 h4g5 f7f6 g5h4 g6g5 h4h5 a8b8 b6d5 c5c4 e3e4 f8h8 h5f3 h8h6 b3c4 b4d6 a2a4 a5c4 f3c3 b8c8 c1b2 h6h8 a1d1 h8d8 d5e3 c4e3 c3e3 g7f7 e3a7 f7e6 a7a6 c8c7 b2a3 c7d7 d1d2 e6e7 a3d6 d7d6 d2d6 d8d6 a6b7'
src/main.c:165: < 'isready'
src/main.c:82: > 'readyok'
src/main.c:165: < 'go wtime -33410 btime 141592 movestogo 2'
src/main.c:194: state = THINKING_ON_OUR_TIME
src/main.c:624: Search stopped
src/main.c:599: Search started
src/main.c:82: > 'info depth 2 score cp 1192'
src/main.c:82: > 'info depth 3 score cp 1233'
src/main.c:615: Thinking for too long, playing
src/main.c:624: Search stopped
src/main.c:82: > 'bestmove d6d7'
src/main.c:82: > 'info string pondering b7b5'
src/main.c:82: > 'info we're dominating the black squares'
src/main.c:198: state = THINKING_ON_THEIR_TIME
src/main.c:599: Search started
src/main.c:82: > 'info depth 2 score cp 1178'
src/main.c:82: > 'info depth 3 score cp 1224'
src/main.c:82: > 'info depth 4 score cp 1207'
src/main.c:82: > 'info depth 5 score cp 1254'
src/main.c:82: > 'info depth 6 score cp 1231'
src/main.c:165: < 'position startpos moves d2d4 b8c6 g1f3 d7d6 e2e3 c8f5 b1c3 g7g6 f1d3 f5d3 d1d3 e7e5 d4e5 d6e5 d3b5 f8d6 e1g1 a7a6 b5b7 c6a5 b7d5 c7c6 d5e4 g8f6 e4h4 e8g8 f3g5 d8b6 b2b3 d6b4 c3e4 c6c5 e4f6 g8g7 f6d5 h7h6 d5b6 h6g5 h4g5 f7f6 g5h4 g6g5 h4h5 a8b8 b6d5 c5c4 e3e4 f8h8 h5f3 h8h6 b3c4 b4d6 a2a4 a5c4 f3c3 b8c8 c1b2 h6h8 a1d1 h8d8 d5e3 c4e3 c3e3 g7f7 e3a7 f7e6 a7a6 c8c7 b2a3 c7d7 d1d2 e6e7 a3d6 d7d6 d2d6 d8d6 a6b7 d6d7 b7b4'
src/main.c:165: < 'isready'
src/main.c:82: > 'readyok'
src/main.c:165: < 'go wtime 263784 btime 141584 movestogo 1'
src/main.c:194: state = THINKING_ON_OUR_TIME
src/main.c:624: Search stopped
src/main.c:599: Search started
src/main.c:82: > 'info depth 2 score cp 1205'
src/main.c:82: > 'info depth 3 score cp 1255'
src/main.c:615: Thinking for too long, playing
src/main.c:624: Search stopped
src/main.c:82: > 'bestmove e7f7'
src/main.c:82: > 'info string pondering g2g3'
src/main.c:82: > 'info we're dominating the black squares'
src/main.c:198: state = THINKING_ON_THEIR_TIME
src/main.c:599: Search started
src/main.c:82: > 'info depth 2 score cp 1222'
src/main.c:82: > 'info depth 3 score cp 1248'
src/main.c:82: > 'info depth 4 score cp 1218'
src/main.c:82: > 'info depth 5 score cp 1258'
src/main.c:82: > 'info depth 6 score cp 1229'
src/main.c:165: < 'position startpos moves d2d4 b8c6 g1f3 d7d6 e2e3 c8f5 b1c3 g7g6 f1d3 f5d3 d1d3 e7e5 d4e5 d6e5 d3b5 f8d6 e1g1 a7a6 b5b7 c6a5 b7d5 c7c6 d5e4 g8f6 e4h4 e8g8 f3g5 d8b6 b2b3 d6b4 c3e4 c6c5 e4f6 g8g7 f6d5 h7h6 d5b6 h6g5 h4g5 f7f6 g5h4 g6g5 h4h5 a8b8 b6d5 c5c4 e3e4 f8h8 h5f3 h8h6 b3c4 b4d6 a2a4 a5c4 f3c3 b8c8 c1b2 h6h8 a1d1 h8d8 d5e3 c4e3 c3e3 g7f7 e3a7 f7e6 a7a6 c8c7 b2a3 c7d7 d1d2 e6e7 a3d6 d7d6 d2d6 d8d6 a6b7 d6d7 b7b4 e7f7 c2c4'
src/main.c:165: < 'isready'
src/main.c:82: > 'readyok'
src/main.c:165: < 'go wtime 256812 btime 441574 movestogo 40'
src/main.c:194: state = THINKING_ON_OUR_TIME
src/main.c:624: Search stopped
src/main.c:599: Search started
src/main.c:82: > 'info depth 2 score cp 1197'
src/main.c:82: > 'info depth 3 score cp 1233'
src/main.c:615: Thinking for too long, playing
src/main.c:624: Search stopped
src/main.c:82: > 'bestmove d7d4'
src/main.c:82: > 'info string pondering f2f3'
src/main.c:82: > 'info we're dominating the black squares'
src/main.c:198: state = THINKING_ON_THEIR_TIME
src/main.c:599: Search started
src/main.c:82: > 'info depth 2 score cp 1227'
src/main.c:82: > 'info depth 3 score cp 1269'
src/main.c:82: > 'info depth 4 score cp 1245'
src/main.c:82: > 'info depth 5 score cp 1286'
src/main.c:82: > 'info depth 6 score cp 1277'
src/main.c:165: < 'position startpos moves d2d4 b8c6 g1f3 d7d6 e2e3 c8f5 b1c3 g7g6 f1d3 f5d3 d1d3 e7e5 d4e5 d6e5 d3b5 f8d6 e1g1 a7a6 b5b7 c6a5 b7d5 c7c6 d5e4 g8f6 e4h4 e8g8 f3g5 d8b6 b2b3 d6b4 c3e4 c6c5 e4f6 g8g7 f6d5 h7h6 d5b6 h6g5 h4g5 f7f6 g5h4 g6g5 h4h5 a8b8 b6d5 c5c4 e3e4 f8h8 h5f3 h8h6 b3c4 b4d6 a2a4 a5c4 f3c3 b8c8 c1b2 h6h8 a1d1 h8d8 d5e3 c4e3 c3e3 g7f7 e3a7 f7e6 a7a6 c8c7 b2a3 c7d7 d1d2 e6e7 a3d6 d7d6 d2d6 d8d6 a6b7 d6d7 b7b4 e7f7 c2c4 d7d4 f2f3'
src/main.c:165: < 'isready'
src/main.c:82: > 'readyok'
src/main.c:165: < 'go wtime 251750 btime 441557 movestogo 39'
src/main.c:194: state = THINKING_ON_OUR_TIME
src/main.c:82: > 'info depth 7 score cp 1309'
src/main.c:615: Thinking for too long, playing
src/main.c:624: Search stopped
src/main.c:82: > 'bestmove f7e6'
src/main.c:82: > 'info string pondering a4a5'
src/main.c:82: > 'info we're dominating the black squares'
src/main.c:198: state = THINKING_ON_THEIR_TIME
src/main.c:599: Search started
src/main.c:82: > 'info depth 2 score cp 1245'
src/main.c:82: > 'info depth 3 score cp 1270'
src/main.c:82: > 'info depth 4 score cp 1270'
src/main.c:82: > 'info depth 5 score cp 1309'
src/main.c:82: > 'info depth 6 score cp 1303'
src/main.c:165: < 'position startpos moves d2d4 b8c6 g1f3 d7d6 e2e3 c8f5 b1c3 g7g6 f1d3 f5d3 d1d3 e7e5 d4e5 d6e5 d3b5 f8d6 e1g1 a7a6 b5b7 c6a5 b7d5 c7c6 d5e4 g8f6 e4h4 e8g8 f3g5 d8b6 b2b3 d6b4 c3e4 c6c5 e4f6 g8g7 f6d5 h7h6 d5b6 h6g5 h4g5 f7f6 g5h4 g6g5 h4h5 a8b8 b6d5 c5c4 e3e4 f8h8 h5f3 h8h6 b3c4 b4d6 a2a4 a5c4 f3c3 b8c8 c1b2 h6h8 a1d1 h8d8 d5e3 c4e3 c3e3 g7f7 e3a7 f7e6 a7a6 c8c7 b2a3 c7d7 d1d2 e6e7 a3d6 d7d6 d2d6 d8d6 a6b7 d6d7 b7b4 e7f7 c2c4 d7d4 f2f3 f7e6 a4a5'
src/main.c:165: < 'isready'
src/main.c:82: > 'readyok'
src/main.c:165: < 'go wtime 246755 btime 436882 movestogo 38'
src/main.c:194: state = THINKING_ON_OUR_TIME
src/main.c:82: > 'info depth 7 score cp 1369'
src/main.c:615: Thinking for too long, playing
src/main.c:624: Search stopped
src/main.c:82: > 'bestmove d4d6'
src/main.c:82: > 'info string pondering g1f2'
src/main.c:82: > 'info we're dominating the black squares'
src/main.c:198: state = THINKING_ON_THEIR_TIME
src/main.c:599: Search started
src/main.c:82: > 'info depth 2 score cp 1270'
src/main.c:82: > 'info depth 3 score cp 1308'
src/main.c:82: > 'info depth 4 score cp 1324'
src/main.c:82: > 'info depth 5 score cp 1369'
src/main.c:82: > 'info depth 6 score cp 1347'
src/main.c:165: < 'position startpos moves d2d4 b8c6 g1f3 d7d6 e2e3 c8f5 b1c3 g7g6 f1d3 f5d3 d1d3 e7e5 d4e5 d6e5 d3b5 f8d6 e1g1 a7a6 b5b7 c6a5 b7d5 c7c6 d5e4 g8f6 e4h4 e8g8 f3g5 d8b6 b2b3 d6b4 c3e4 c6c5 e4f6 g8g7 f6d5 h7h6 d5b6 h6g5 h4g5 f7f6 g5h4 g6g5 h4h5 a8b8 b6d5 c5c4 e3e4 f8h8 h5f3 h8h6 b3c4 b4d6 a2a4 a5c4 f3c3 b8c8 c1b2 h6h8 a1d1 h8d8 d5e3 c4e3 c3e3 g7f7 e3a7 f7e6 a7a6 c8c7 b2a3 c7d7 d1d2 e6e7 a3d6 d7d6 d2d6 d8d6 a6b7 d6d7 b7b4 e7f7 c2c4 d7d4 f2f3 f7e6 a4a5 d4d6 c4c5'
src/main.c:165: < 'isready'
src/main.c:82: > 'readyok'
src/main.c:165: < 'go wtime 240100 btime 433075 movestogo 37'
src/main.c:194: state = THINKING_ON_OUR_TIME
src/main.c:624: Search stopped
src/main.c:599: Search started
src/main.c:82: > 'info depth 2 score cp 1235'
src/main.c:82: > 'info depth 3 score cp 1269'
src/main.c:615: Thinking for too long, playing
src/main.c:624: Search stopped
src/main.c:82: > 'bestmove d6d4'
src/main.c:82: > 'info string pondering b4b5'
src/main.c:82: > 'info we're dominating the black squares'
src/main.c:198: state = THINKING_ON_THEIR_TIME
src/main.c:599: Search started
src/main.c:82: > 'info depth 2 score cp 1282'
src/main.c:82: > 'info depth 3 score cp 1313'
src/main.c:82: > 'info depth 4 score cp 1313'
src/main.c:82: > 'info depth 5 score cp 1362'
src/main.c:82: > 'info depth 6 score cp 1375'
src/main.c:165: < 'position startpos moves d2d4 b8c6 g1f3 d7d6 e2e3 c8f5 b1c3 g7g6 f1d3 f5d3 d1d3 e7e5 d4e5 d6e5 d3b5 f8d6 e1g1 a7a6 b5b7 c6a5 b7d5 c7c6 d5e4 g8f6 e4h4 e8g8 f3g5 d8b6 b2b3 d6b4 c3e4 c6c5 e4f6 g8g7 f6d5 h7h6 d5b6 h6g5 h4g5 f7f6 g5h4 g6g5 h4h5 a8b8 b6d5 c5c4 e3e4 f8h8 h5f3 h8h6 b3c4 b4d6 a2a4 a5c4 f3c3 b8c8 c1b2 h6h8 a1d1 h8d8 d5e3 c4e3 c3e3 g7f7 e3a7 f7e6 a7a6 c8c7 b2a3 c7d7 d1d2 e6e7 a3d6 d7d6 d2d6 d8d6 a6b7 d6d7 b7b4 e7f7 c2c4 d7d4 f2f3 f7e6 a4a5 d4d6 c4c5 d6d4 b4b6'
src/main.c:165: < 'isready'
src/main.c:82: > 'readyok'
src/main.c:165: < 'go wtime 237799 btime 433058 movestogo 36'
src/main.c:194: state = THINKING_ON_OUR_TIME
src/main.c:624: Search stopped
src/main.c:599: Search started
src/main.c:82: > 'info depth 2 score cp 1271'
src/main.c:82: > 'info depth 3 score cp 1306'
src/main.c:615: Thinking for too long, playing
src/main.c:624: Search stopped
src/main.c:82: > 'bestmove e6e7'
src/main.c:82: > 'info string pondering a5a6'
src/main.c:82: > 'info we're dominating the black squares'
src/main.c:198: state = THINKING_ON_THEIR_TIME
src/main.c:599: Search started
src/main.c:82: > 'info depth 2 score cp 1362'
src/main.c:82: > 'info depth 3 score cp 1395'
src/main.c:82: > 'info depth 4 score cp 1395'
src/main.c:82: > 'info depth 5 score cp 1460'
src/main.c:82: > 'info depth 6 score cp 1465'
src/main.c:165: < 'position startpos moves d2d4 b8c6 g1f3 d7d6 e2e3 c8f5 b1c3 g7g6 f1d3 f5d3 d1d3 e7e5 d4e5 d6e5 d3b5 f8d6 e1g1 a7a6 b5b7 c6a5 b7d5 c7c6 d5e4 g8f6 e4h4 e8g8 f3g5 d8b6 b2b3 d6b4 c3e4 c6c5 e4f6 g8g7 f6d5 h7h6 d5b6 h6g5 h4g5 f7f6 g5h4 g6g5 h4h5 a8b8 b6d5 c5c4 e3e4 f8h8 h5f3 h8h6 b3c4 b4d6 a2a4 a5c4 f3c3 b8c8 c1b2 h6h8 a1d1 h8d8 d5e3 c4e3 c3e3 g7f7 e3a7 f7e6 a7a6 c8c7 b2a3 c7d7 d1d2 e6e7 a3d6 d7d6 d2d6 d8d6 a6b7 d6d7 b7b4 e7f7 c2c4 d7d4 f2f3 f7e6 a4a5 d4d6 c4c5 d6d4 b4b6 e6e7 a5a6'
src/main.c:165: < 'isready'
src/main.c:82: > 'readyok'
src/main.c:165: < 'go wtime 233451 btime 433048 movestogo 35'
src/main.c:194: state = THINKING_ON_OUR_TIME
src/main.c:82: > 'info depth 7 score cp 1615'
src/main.c:615: Thinking for too long, playing
src/main.c:624: Search stopped
src/main.c:82: > 'bestmove g5g4'
src/main.c:82: > 'info string pondering f3g4'
src/main.c:82: > 'info we're dominating the black squares'
src/main.c:198: state = THINKING_ON_THEIR_TIME
src/main.c:599: Search started
src/main.c:82: > 'info depth 2 score cp 1395'
src/main.c:82: > 'info depth 3 score cp 1489'
src/main.c:82: > 'info depth 4 score cp 1518'
src/main.c:82: > 'info depth 5 score cp 1615'
src/main.c:82: > 'info depth 6 score cp 1641'
src/main.c:165: < 'position startpos moves d2d4 b8c6 g1f3 d7d6 e2e3 c8f5 b1c3 g7g6 f1d3 f5d3 d1d3 e7e5 d4e5 d6e5 d3b5 f8d6 e1g1 a7a6 b5b7 c6a5 b7d5 c7c6 d5e4 g8f6 e4h4 e8g8 f3g5 d8b6 b2b3 d6b4 c3e4 c6c5 e4f6 g8g7 f6d5 h7h6 d5b6 h6g5 h4g5 f7f6 g5h4 g6g5 h4h5 a8b8 b6d5 c5c4 e3e4 f8h8 h5f3 h8h6 b3c4 b4d6 a2a4 a5c4 f3c3 b8c8 c1b2 h6h8 a1d1 h8d8 d5e3 c4e3 c3e3 g7f7 e3a7 f7e6 a7a6 c8c7 b2a3 c7d7 d1d2 e6e7 a3d6 d7d6 d2d6 d8d6 a6b7 d6d7 b7b4 e7f7 c2c4 d7d4 f2f3 f7e6 a4a5 d4d6 c4c5 d6d4 b4b6 e6e7 a5a6 g5g4 a6a7'
src/main.c:165: < 'isready'
src/main.c:82: > 'readyok'
src/main.c:165: < 'go wtime 228962 btime 427947 movestogo 34'
src/main.c:194: state = THINKING_ON_OUR_TIME
src/main.c:624: Search stopped
src/main.c:599: Search started
src/main.c:82: > 'info depth 2 score cp 1376'
src/main.c:82: > 'info depth 3 score cp 1406'
src/main.c:615: Thinking for too long, playing
src/main.c:624: Search stopped
src/main.c:82: > 'bestmove g4f3'
src/main.c:82: > 'info string pondering g2f3'
src/main.c:82: > 'info we're dominating the white squares'
src/main.c:198: state = THINKING_ON_THEIR_TIME
src/main.c:599: Search started
src/main.c:82: > 'info depth 2 score cp 1405'
src/main.c:82: > 'info depth 3 score cp 1434'
src/main.c:82: > 'info depth 4 score cp 1450'
src/main.c:82: > 'info depth 5 score cp 1707'
src/main.c:82: > 'info depth 6 score cp 1735'
src/main.c:165: < 'position startpos moves d2d4 b8c6 g1f3 d7d6 e2e3 c8f5 b1c3 g7g6 f1d3 f5d3 d1d3 e7e5 d4e5 d6e5 d3b5 f8d6 e1g1 a7a6 b5b7 c6a5 b7d5 c7c6 d5e4 g8f6 e4h4 e8g8 f3g5 d8b6 b2b3 d6b4 c3e4 c6c5 e4f6 g8g7 f6d5 h7h6 d5b6 h6g5 h4g5 f7f6 g5h4 g6g5 h4h5 a8b8 b6d5 c5c4 e3e4 f8h8 h5f3 h8h6 b3c4 b4d6 a2a4 a5c4 f3c3 b8c8 c1b2 h6h8 a1d1 h8d8 d5e3 c4e3 c3e3 g7f7 e3a7 f7e6 a7a6 c8c7 b2a3 c7d7 d1d2 e6e7 a3d6 d7d6 d2d6 d8d6 a6b7 d6d7 b7b4 e7f7 c2c4 d7d4 f2f3 f7e6 a4a5 d4d6 c4c5 d6d4 b4b6 e6e7 a5a6 g5g4 a6a7 g4f3 g2f3'
src/main.c:165: < 'isready'
src/main.c:82: > 'readyok'
src/main.c:165: < 'go wtime 223870 btime 427936 movestogo 33'
src/main.c:194: state = THINKING_ON_OUR_TIME
